[33mERROR[39m: POST /api/cartsxx - 12:02:08 - not found path
[31mFATAL[39m: GET /api/products/64da5590c82 - 20:42:06 - Cast to ObjectId failed for value "64da5590c82" (type string) at path "_id" for model "products"
[31mFATAL[39m: GET /api/products/64da5590c82d7123da3f08a0 - 20:43:36 - undefined
[33mERROR[39m: GET /favicon.ico - 13:14:06 - not found path
[33mERROR[39m: PUT /api/carts/64f1ecb49a076347728ff9cc/product/65345f2b55f2bac5edee952d/1 - 13:14:58 - not found path
[33mERROR[39m: GET /favicon.ico - 15:53:08 - not found path
[33mERROR[39m: PUT /api/carts/64f1ecb49a076347728ff9cc/product/65345f1655f2bac5edee902d/1 - 15:54:08 - not found path
[33mERROR[39m: PUT /api/carts/64f1ecb49a076347728ff9cc/product/65345f1555f2bac5edee900b/1 - 16:13:26 - not found path
[33mERROR[39m: PUT /api/carts/ - 16:17:26 - not found path
[33mERROR[39m: GET /favicon.ico - 20:22:35 - not found path
[33mERROR[39m: GET /favicon.ico - 21:25:23 - not found path
[33mERROR[39m: GET /favicon.ico - 20:58:46 - not found path
[33mERROR[39m: GET /api/cart - 20:59:51 - not found path
[33mERROR[39m: GET /favicon.ico - 13:14:48 - not found path
[33mERROR[39m: GET /favicon.ico - 08:52:23 - not found path
[33mERROR[39m: GET /favicon.ico - 09:02:48 - not found path
[33mERROR[39m: GET /cart/carthtml - 09:03:08 - not found path
[33mERROR[39m: GET /cart/carthtml - 09:10:39 - not found path
[33mERROR[39m: GET /api/cart/carthtml - 09:11:08 - not found path
[33mERROR[39m: GET /api/carthtml - 09:11:29 - not found path
[33mERROR[39m: GET /carthtml - 09:11:41 - not found path
[33mERROR[39m: GET /favicon.ico - 20:07:44 - not found path
[33mERROR[39m: GET /cart/carthtml - 20:08:02 - not found path
[33mERROR[39m: GET /favicon.ico - 14:28:50 - not found path
[33mERROR[39m: GET /favicon.ico - 11:58:34 - not found path
[33mERROR[39m: GET /favicon.ico - 12:50:20 - not found path
[33mERROR[39m: DELETE /api/carts/64cc17b302a4e5bd2baa41f6/product/65345f1855f2bac5edee908d - 12:52:13 - not found path
[31mFATAL[39m: POST /api/auth/premium/gm.it@gmail.com - 17:26:45 - User.update is not a function
[31mFATAL[39m: POST /api/auth/premium/gm.it@gmail.com - 17:27:35 - User.update is not a function
[33mERROR[39m: GET /favicon.ico - 10:14:38 - not found path
[31mFATAL[39m: GET /api/products - 23:32:17 - undefined
[31mFATAL[39m: GET /api/products - 23:34:25 - undefined
[31mFATAL[39m: GET /api/products - 23:39:58 - undefined
[33mERROR[39m: GET /api/products/3/1 - 23:42:30 - not found path
[33mERROR[39m: GET /api/products/3/1 - 23:43:11 - not found path
[33mERROR[39m: GET /api/products?page=2&limit=2 - 23:58:09 - not found path
[33mERROR[39m: GET /api/products - 00:03:27 - not found path
[33mERROR[39m: GET /api/products?page=2&limit=3 - 00:05:11 - not found path
[31mFATAL[39m: DELETE /api/carts/65345f1555f2bac5edee8fe7 - 23:28:33 - Carts.findAndDelete is not a function
[33mERROR[39m: GET /favicon.ico - 23:43:08 - not found path
[33mERROR[39m: DELETE /api/carts/64cc17b302a4e5bd2baa41f6/product/65345f1855f2bac5edee908d - 23:46:16 - not found path
[33mERROR[39m: POST /api/carts/65345f1855f2bac5edee908d/5 - 23:49:25 - not found path
[31mFATAL[39m: GET /api/carts - 00:07:58 - The field 'user_id' must be an accumulator object
[31mFATAL[39m: GET /api/carts - 00:14:59 - a group specification must include an _id
[31mFATAL[39m: GET /api/carts - 00:17:30 - a group specification must include an _id
[31mFATAL[39m: GET /api/carts - 00:20:26 - user_id is not defined
[31mFATAL[39m: GET /api/carts - 00:20:57 - $user_id is not defined
[31mFATAL[39m: GET /api/carts - 00:22:48 - The field '$match' must be an accumulator object
[31mFATAL[39m: GET /api/carts - 00:28:15 - The field '$filter' must be an accumulator object
[31mFATAL[39m: GET /api/carts - 00:28:50 - Arguments must be aggregate pipeline operators
[31mFATAL[39m: GET /api/carts - 00:48:05 - PlanExecutor error during aggregation :: caused by :: only numbers are allowed in an $multiply expression
[33mERROR[39m: DELETE /api/pets/64da5590c82d7123da3f08a9 - 11:40:56 - not found path
[33mERROR[39m: DELETE /api/users/null - 11:40:56 - not found path
[33mERROR[39m: POST /api/auth/deletenull - 12:51:00 - not found path
[33mERROR[39m: POST /api/auth/deletenull - 20:27:23 - not found path
[33mERROR[39m: POST /api/auth/deletenull - 20:29:46 - not found path
[33mERROR[39m: POST /api/auth/deletenull - 20:31:00 - not found path
[33mERROR[39m: POST /api/auth/deletenull - 20:40:50 - not found path
[33mERROR[39m: POST /api/auth/deletenull - 20:45:11 - not found path
[33mERROR[39m: POST /api/auth/delete655558d4f93ae3356348532f - 20:48:40 - not found path
[33mERROR[39m: POST /api/auth/delete65555d5d7328af5d552ec35c - 21:08:01 - not found path
[31mFATAL[39m: DELETE /api/carts/64da5590c82d7123da3f08a9 - 21:27:46 - undefined
[31mFATAL[39m: DELETE /api/carts/65504a6a9cc178c3dfc04a06 - 21:31:27 - undefined
[31mFATAL[39m: DELETE /api/carts/65504a6a9cc178c3dfc04a06 - 21:54:47 - undefined
[33mERROR[39m: DELETE /api/carts/65504a6a9cc178c3dfc04a06 - 21:55:29 - not found path
[31mFATAL[39m: DELETE /api/carts/65504a6a9cc178c3dfc04a06 - 21:59:59 - undefined
[31mFATAL[39m: DELETE /api/carts/65504a6a9cc178c3dfc04a06 - 22:00:38 - undefined
[33mERROR[39m: GET /favicon.ico - 22:09:17 - not found path
[31mFATAL[39m: DELETE /api/carts/65504a6a9cc178c3dfc04a06 - 22:23:47 - undefined
[31mFATAL[39m: DELETE /api/carts/65504a6a9cc178c3dfc04a06 - 10:40:37 - undefined
[31mFATAL[39m: DELETE /api/carts/65504a6a9cc178c3dfc04a06 - 10:41:25 - undefined
[31mFATAL[39m: DELETE /api/carts/65504a6a9cc178c3dfc04a06 - 10:45:21 - undefined
[31mFATAL[39m: DELETE /api/carts/64da5590c82d7123da3f08a9 - 10:56:07 - Cannot set headers after they are sent to the client
[31mFATAL[39m: DELETE /api/carts/64da5590c82d7123da3f08a9 - 11:02:14 - Cannot set headers after they are sent to the client
[31mFATAL[39m: DELETE /api/carts/null - 11:52:13 - Cast to ObjectId failed for value "null" (type string) at path "product_id" for model "carts"
[31mFATAL[39m: DELETE /api/carts/undefined - 11:58:25 - Cast to ObjectId failed for value "undefined" (type string) at path "product_id" for model "carts"
[31mFATAL[39m: DELETE /api/carts/undefined - 12:05:16 - Cast to ObjectId failed for value "undefined" (type string) at path "product_id" for model "carts"
[31mFATAL[39m: DELETE /api/carts/undefined - 12:48:56 - Cast to ObjectId failed for value "undefined" (type string) at path "product_id" for model "carts"
[31mFATAL[39m: DELETE /api/products/undefined - 12:48:57 - Cast to ObjectId failed for value "undefined" (type string) at path "_id" for model "products"
[31mFATAL[39m: POST /api/products - 12:27:32 - Cannot read properties of undefined (reading 'role')
[31mFATAL[39m: PUT /api/carts/null/10 - 12:27:35 - Cast to ObjectId failed for value "null" (type string) at path "product_id" for model "carts"
[31mFATAL[39m: DELETE /api/carts/null - 12:27:35 - Cast to ObjectId failed for value "null" (type string) at path "product_id" for model "carts"
[31mFATAL[39m: POST /api/products - 12:32:43 - Cannot read properties of undefined (reading 'role')
[31mFATAL[39m: PUT /api/carts/null/10 - 12:32:46 - Cast to ObjectId failed for value "null" (type string) at path "product_id" for model "carts"
[31mFATAL[39m: DELETE /api/carts/null - 12:32:47 - Cast to ObjectId failed for value "null" (type string) at path "product_id" for model "carts"
[31mFATAL[39m: POST /api/products - 12:39:08 - Cannot read properties of undefined (reading 'role')
[31mFATAL[39m: POST /api/products - 12:40:39 - Cannot read properties of undefined (reading 'role')
[31mFATAL[39m: DELETE /api/auth/null - 12:40:41 - Cast to ObjectId failed for value "null" (type string) at path "_id" for model "users"
[31mFATAL[39m: POST /api/products - 12:41:41 - Cannot read properties of undefined (reading 'role')
[31mFATAL[39m: POST /api/products - 12:43:10 - Cannot read properties of undefined (reading 'role')
[31mFATAL[39m: PUT /api/carts/null/10 - 12:43:13 - Cast to ObjectId failed for value "null" (type string) at path "product_id" for model "carts"
[31mFATAL[39m: DELETE /api/carts/null - 12:43:13 - Cast to ObjectId failed for value "null" (type string) at path "product_id" for model "carts"
[31mFATAL[39m: POST /api/products - 12:46:32 - Cannot read properties of undefined (reading 'role')
[31mFATAL[39m: POST /api/auth/register - 12:46:36 - Operation `users.findOne()` buffering timed out after 10000ms
[31mFATAL[39m: POST /api/products - 20:26:46 - Cannot read properties of undefined (reading 'role')
[31mFATAL[39m: PUT /api/products/null - 20:26:46 - Cast to ObjectId failed for value "null" (type string) at path "_id" for model "products"
[31mFATAL[39m: PUT /api/carts/null/10 - 20:26:49 - Cast to ObjectId failed for value "null" (type string) at path "product_id" for model "carts"
[31mFATAL[39m: DELETE /api/carts/null - 20:26:49 - Cast to ObjectId failed for value "null" (type string) at path "product_id" for model "carts"
[31mFATAL[39m: DELETE /api/products/null - 20:26:49 - Cast to ObjectId failed for value "null" (type string) at path "_id" for model "products"
[31mFATAL[39m: POST /api/products - 20:31:51 - Cannot read properties of undefined (reading 'role')
[31mFATAL[39m: PUT /api/products/null - 20:31:52 - Cast to ObjectId failed for value "null" (type string) at path "_id" for model "products"
[31mFATAL[39m: PUT /api/carts/null/10 - 20:31:54 - Cast to ObjectId failed for value "null" (type string) at path "product_id" for model "carts"
[31mFATAL[39m: DELETE /api/carts/null - 20:31:54 - Cast to ObjectId failed for value "null" (type string) at path "product_id" for model "carts"
[31mFATAL[39m: DELETE /api/products/null - 20:31:55 - Cast to ObjectId failed for value "null" (type string) at path "_id" for model "products"
[33mERROR[39m: GET /favicon.ico - 17:30:29 - not found path
[33mERROR[39m: GET /favicon.ico - 17:43:09 - not found path
[33mERROR[39m: GET /favicon.ico - 23:12:14 - not found path
[33mERROR[39m: GET /favicon.ico - 10:35:24 - not found path
